[22/Apr/2019 18:17:04] DEBUG [board.views:17] index page
[25/Apr/2019 10:33:56] DEBUG [board.views:17] index page
[25/Apr/2019 10:34:27] DEBUG [board.views:17] index page
[25/Apr/2019 10:35:48] DEBUG [board.views:17] index page
[25/Apr/2019 10:36:03] DEBUG [board.views:17] index page
[25/Apr/2019 10:43:36] ERROR [board.views:39] ('spam', 'eggs')
[25/Apr/2019 10:44:28] ERROR [board.views:39] exceptions must derive from BaseException
[25/Apr/2019 10:46:28] ERROR [board.views:39] spam
[25/Apr/2019 11:47:45] DEBUG [board.views:54] 타긴타냐404
[25/Apr/2019 12:49:28] DEBUG [board.views:54] 타긴타냐404
[25/Apr/2019 12:49:33] DEBUG [board.views:54] 타긴타냐404
[25/Apr/2019 12:49:33] DEBUG [board.views:54] 타긴타냐404
[25/Apr/2019 12:49:34] DEBUG [board.views:54] 타긴타냐404
[25/Apr/2019 12:49:34] DEBUG [board.views:54] 타긴타냐404
[25/Apr/2019 12:49:47] DEBUG [board.views:54] 타긴타냐404
[25/Apr/2019 12:50:08] DEBUG [board.views:54] 타긴타냐404
[25/Apr/2019 12:50:09] DEBUG [board.views:54] 타긴타냐404
[25/Apr/2019 12:50:09] DEBUG [board.views:54] 타긴타냐404
[25/Apr/2019 12:50:11] DEBUG [board.views:54] 타긴타냐404
[25/Apr/2019 12:50:11] DEBUG [board.views:54] 타긴타냐404
[25/Apr/2019 12:50:14] DEBUG [board.views:54] 타긴타냐404
[25/Apr/2019 12:50:27] DEBUG [board.views:54] 타긴타냐404
[25/Apr/2019 13:26:44] DEBUG [board.views:54] 타긴타냐404
[25/Apr/2019 13:26:44] DEBUG [board.views:54] 타긴타냐404
[25/Apr/2019 13:26:44] DEBUG [board.views:54] 타긴타냐404
[25/Apr/2019 13:26:44] DEBUG [board.views:54] 타긴타냐404
[25/Apr/2019 13:26:44] DEBUG [board.views:54] 타긴타냐404
[25/Apr/2019 13:26:44] DEBUG [board.views:54] 타긴타냐404
[25/Apr/2019 13:26:44] DEBUG [board.views:54] 타긴타냐404
[25/Apr/2019 13:26:44] DEBUG [board.views:54] 타긴타냐404
[25/Apr/2019 13:26:44] DEBUG [board.views:54] 타긴타냐404
[25/Apr/2019 13:26:44] DEBUG [board.views:54] 타긴타냐404
[25/Apr/2019 13:26:45] DEBUG [board.views:54] 타긴타냐404
[25/Apr/2019 13:26:45] DEBUG [board.views:54] 타긴타냐404
[25/Apr/2019 13:26:45] DEBUG [board.views:54] 타긴타냐404
[25/Apr/2019 13:26:45] DEBUG [board.views:54] 타긴타냐404
[25/Apr/2019 13:26:45] DEBUG [board.views:54] 타긴타냐404
[25/Apr/2019 13:26:45] DEBUG [board.views:54] 타긴타냐404
[25/Apr/2019 13:26:45] DEBUG [board.views:54] 타긴타냐404
[25/Apr/2019 13:26:45] DEBUG [board.views:54] 타긴타냐404
[25/Apr/2019 13:26:45] DEBUG [board.views:54] 타긴타냐404
[25/Apr/2019 13:26:45] DEBUG [board.views:54] 타긴타냐404
[25/Apr/2019 13:26:45] DEBUG [board.views:54] 타긴타냐404
[25/Apr/2019 13:26:45] DEBUG [board.views:54] 타긴타냐404
[25/Apr/2019 13:32:37] DEBUG [board.views:54] 타긴타냐404
[25/Apr/2019 13:32:37] DEBUG [board.views:54] 타긴타냐404
[25/Apr/2019 13:32:37] DEBUG [board.views:54] 타긴타냐404
[25/Apr/2019 13:32:37] DEBUG [board.views:54] 타긴타냐404
[25/Apr/2019 13:32:37] DEBUG [board.views:54] 타긴타냐404
[25/Apr/2019 13:32:37] DEBUG [board.views:54] 타긴타냐404
[25/Apr/2019 13:32:37] DEBUG [board.views:54] 타긴타냐404
[25/Apr/2019 13:32:37] DEBUG [board.views:54] 타긴타냐404
[25/Apr/2019 13:32:37] DEBUG [board.views:54] 타긴타냐404
[25/Apr/2019 13:32:37] DEBUG [board.views:54] 타긴타냐404
[25/Apr/2019 13:32:37] DEBUG [board.views:54] 타긴타냐404
[25/Apr/2019 13:32:37] DEBUG [board.views:54] 타긴타냐404
[25/Apr/2019 13:32:37] DEBUG [board.views:54] 타긴타냐404
[25/Apr/2019 13:32:37] DEBUG [board.views:54] 타긴타냐404
[25/Apr/2019 13:32:37] DEBUG [board.views:54] 타긴타냐404
[25/Apr/2019 13:32:37] DEBUG [board.views:54] 타긴타냐404
[25/Apr/2019 13:32:38] DEBUG [board.views:54] 타긴타냐404
[25/Apr/2019 13:32:38] DEBUG [board.views:54] 타긴타냐404
[25/Apr/2019 13:32:38] DEBUG [board.views:54] 타긴타냐404
[25/Apr/2019 13:35:09] DEBUG [board.views:54] 타긴타냐404
[25/Apr/2019 13:35:09] DEBUG [board.views:54] 타긴타냐404
[25/Apr/2019 13:35:09] DEBUG [board.views:54] 타긴타냐404
[25/Apr/2019 13:35:09] DEBUG [board.views:54] 타긴타냐404
[25/Apr/2019 13:35:09] DEBUG [board.views:54] 타긴타냐404
[25/Apr/2019 13:35:09] DEBUG [board.views:54] 타긴타냐404
[25/Apr/2019 13:35:09] DEBUG [board.views:54] 타긴타냐404
[25/Apr/2019 13:35:09] DEBUG [board.views:54] 타긴타냐404
[25/Apr/2019 13:35:09] DEBUG [board.views:54] 타긴타냐404
[25/Apr/2019 13:35:09] DEBUG [board.views:54] 타긴타냐404
[25/Apr/2019 13:35:09] DEBUG [board.views:54] 타긴타냐404
[25/Apr/2019 13:35:09] DEBUG [board.views:54] 타긴타냐404
[25/Apr/2019 13:35:09] DEBUG [board.views:54] 타긴타냐404
[25/Apr/2019 13:35:09] DEBUG [board.views:54] 타긴타냐404
[25/Apr/2019 13:35:09] DEBUG [board.views:54] 타긴타냐404
[25/Apr/2019 13:35:09] DEBUG [board.views:54] 타긴타냐404
[25/Apr/2019 13:35:09] DEBUG [board.views:54] 타긴타냐404
[25/Apr/2019 13:35:09] DEBUG [board.views:54] 타긴타냐404
[25/Apr/2019 13:35:09] DEBUG [board.views:54] 타긴타냐404
[25/Apr/2019 13:35:09] DEBUG [board.views:54] 타긴타냐404
[25/Apr/2019 13:36:31] DEBUG [board.views:54] 타긴타냐404
[25/Apr/2019 13:36:31] DEBUG [board.views:54] 타긴타냐404
[25/Apr/2019 13:36:43] DEBUG [board.views:54] 타긴타냐404
[25/Apr/2019 13:36:47] DEBUG [board.views:54] 타긴타냐404
[25/Apr/2019 13:37:54] DEBUG [board.views:54] 타긴타냐404
[25/Apr/2019 13:37:54] DEBUG [board.views:54] 타긴타냐404
[25/Apr/2019 13:37:54] DEBUG [board.views:54] 타긴타냐404
[25/Apr/2019 13:37:54] DEBUG [board.views:54] 타긴타냐404
[25/Apr/2019 13:37:54] DEBUG [board.views:54] 타긴타냐404
[25/Apr/2019 13:37:54] DEBUG [board.views:54] 타긴타냐404
[25/Apr/2019 13:37:54] DEBUG [board.views:54] 타긴타냐404
[25/Apr/2019 13:37:54] DEBUG [board.views:54] 타긴타냐404
[25/Apr/2019 13:37:54] DEBUG [board.views:54] 타긴타냐404
[25/Apr/2019 13:37:54] DEBUG [board.views:54] 타긴타냐404
[25/Apr/2019 13:37:54] DEBUG [board.views:54] 타긴타냐404
[25/Apr/2019 13:37:54] DEBUG [board.views:54] 타긴타냐404
[25/Apr/2019 13:37:54] DEBUG [board.views:54] 타긴타냐404
[25/Apr/2019 13:37:54] DEBUG [board.views:54] 타긴타냐404
[25/Apr/2019 13:37:54] DEBUG [board.views:54] 타긴타냐404
[25/Apr/2019 13:37:54] DEBUG [board.views:54] 타긴타냐404
[25/Apr/2019 13:37:54] DEBUG [board.views:54] 타긴타냐404
[25/Apr/2019 13:37:54] DEBUG [board.views:54] 타긴타냐404
[25/Apr/2019 13:37:54] DEBUG [board.views:54] 타긴타냐404
[25/Apr/2019 13:38:15] DEBUG [board.views:54] 타긴타냐404
[25/Apr/2019 13:38:15] DEBUG [board.views:54] 타긴타냐404
[25/Apr/2019 13:38:15] DEBUG [board.views:54] 타긴타냐404
[25/Apr/2019 13:38:15] DEBUG [board.views:54] 타긴타냐404
[25/Apr/2019 13:38:15] DEBUG [board.views:54] 타긴타냐404
[25/Apr/2019 13:38:15] DEBUG [board.views:54] 타긴타냐404
[25/Apr/2019 13:38:15] DEBUG [board.views:54] 타긴타냐404
[25/Apr/2019 13:38:15] DEBUG [board.views:54] 타긴타냐404
[25/Apr/2019 13:38:15] DEBUG [board.views:54] 타긴타냐404
[25/Apr/2019 13:38:15] DEBUG [board.views:54] 타긴타냐404
[25/Apr/2019 13:38:15] DEBUG [board.views:54] 타긴타냐404
[25/Apr/2019 13:38:15] DEBUG [board.views:54] 타긴타냐404
[25/Apr/2019 13:38:15] DEBUG [board.views:54] 타긴타냐404
[25/Apr/2019 13:38:15] DEBUG [board.views:54] 타긴타냐404
[25/Apr/2019 13:38:16] DEBUG [board.views:54] 타긴타냐404
[25/Apr/2019 13:38:16] DEBUG [board.views:54] 타긴타냐404
[25/Apr/2019 13:38:16] DEBUG [board.views:54] 타긴타냐404
[25/Apr/2019 13:38:16] DEBUG [board.views:54] 타긴타냐404
[25/Apr/2019 13:38:16] DEBUG [board.views:54] 타긴타냐404
[25/Apr/2019 13:38:16] DEBUG [board.views:54] 타긴타냐404
[25/Apr/2019 13:41:23] DEBUG [board.views:54] 타긴타냐404
[25/Apr/2019 13:41:23] DEBUG [board.views:54] 타긴타냐404
[25/Apr/2019 13:41:23] DEBUG [board.views:54] 타긴타냐404
[25/Apr/2019 13:41:23] DEBUG [board.views:54] 타긴타냐404
[25/Apr/2019 13:41:23] DEBUG [board.views:54] 타긴타냐404
[25/Apr/2019 13:41:23] DEBUG [board.views:54] 타긴타냐404
[25/Apr/2019 13:41:23] DEBUG [board.views:54] 타긴타냐404
[25/Apr/2019 13:41:23] DEBUG [board.views:54] 타긴타냐404
[25/Apr/2019 13:41:23] DEBUG [board.views:54] 타긴타냐404
[25/Apr/2019 13:41:23] DEBUG [board.views:54] 타긴타냐404
[25/Apr/2019 13:41:23] DEBUG [board.views:54] 타긴타냐404
[25/Apr/2019 13:41:23] DEBUG [board.views:54] 타긴타냐404
[25/Apr/2019 13:41:23] DEBUG [board.views:54] 타긴타냐404
[25/Apr/2019 13:41:23] DEBUG [board.views:54] 타긴타냐404
[25/Apr/2019 13:41:23] DEBUG [board.views:54] 타긴타냐404
[25/Apr/2019 13:41:23] DEBUG [board.views:54] 타긴타냐404
[25/Apr/2019 13:41:23] DEBUG [board.views:54] 타긴타냐404
[25/Apr/2019 13:41:23] DEBUG [board.views:54] 타긴타냐404
[25/Apr/2019 13:41:23] DEBUG [board.views:54] 타긴타냐404
[25/Apr/2019 13:41:24] DEBUG [board.views:54] 타긴타냐404
[25/Apr/2019 13:41:24] DEBUG [board.views:54] 타긴타냐404
[25/Apr/2019 13:41:57] DEBUG [board.views:54] 타긴타냐404
[25/Apr/2019 13:41:57] DEBUG [board.views:54] 타긴타냐404
[25/Apr/2019 13:41:57] DEBUG [board.views:54] 타긴타냐404
[25/Apr/2019 13:41:57] DEBUG [board.views:54] 타긴타냐404
[25/Apr/2019 13:41:57] DEBUG [board.views:54] 타긴타냐404
[25/Apr/2019 13:41:57] DEBUG [board.views:54] 타긴타냐404
[25/Apr/2019 13:41:57] DEBUG [board.views:54] 타긴타냐404
[25/Apr/2019 13:41:57] DEBUG [board.views:54] 타긴타냐404
[25/Apr/2019 13:41:57] DEBUG [board.views:54] 타긴타냐404
[25/Apr/2019 13:41:57] DEBUG [board.views:54] 타긴타냐404
[25/Apr/2019 13:41:57] DEBUG [board.views:54] 타긴타냐404
[25/Apr/2019 13:41:57] DEBUG [board.views:54] 타긴타냐404
[25/Apr/2019 13:41:57] DEBUG [board.views:54] 타긴타냐404
[25/Apr/2019 13:41:57] DEBUG [board.views:54] 타긴타냐404
[25/Apr/2019 13:41:58] DEBUG [board.views:54] 타긴타냐404
[25/Apr/2019 13:41:58] DEBUG [board.views:54] 타긴타냐404
[25/Apr/2019 13:41:58] DEBUG [board.views:54] 타긴타냐404
[25/Apr/2019 13:41:58] DEBUG [board.views:54] 타긴타냐404
[25/Apr/2019 13:41:58] DEBUG [board.views:54] 타긴타냐404
[25/Apr/2019 13:41:58] DEBUG [board.views:54] 타긴타냐404
[25/Apr/2019 13:56:54] DEBUG [board.views:67] 500エラー：/smplBoard/update
[16/Nov/2019 16:10:57] DEBUG [board.views:31] メール送信
[16/Nov/2019 16:10:57] ERROR [board.views:41] メアド空白
[16/Nov/2019 16:16:52] DEBUG [board.views:31] メール送信
[16/Nov/2019 16:16:54] ERROR [board.views:41] (535, b'5.7.8 Username and Password not accepted. Learn more at\n5.7.8  https://support.google.com/mail/?p=BadCredentials f35sm11555445pje.32 - gsmtp')
[16/Nov/2019 16:17:04] DEBUG [board.views:31] メール送信
[16/Nov/2019 16:17:06] ERROR [board.views:41] (535, b'5.7.8 Username and Password not accepted. Learn more at\n5.7.8  https://support.google.com/mail/?p=BadCredentials j14sm11650391pje.17 - gsmtp')
[16/Nov/2019 16:22:00] DEBUG [board.views:31] メール送信
[16/Nov/2019 16:22:01] ERROR [board.views:41] (535, b'5.7.8 Username and Password not accepted. Learn more at\n5.7.8  https://support.google.com/mail/?p=BadCredentials 31sm12513702pgy.63 - gsmtp')
[16/Nov/2019 16:24:09] DEBUG [board.views:31] メール送信
[16/Nov/2019 16:24:11] ERROR [board.views:41] (535, b'5.7.8 Username and Password not accepted. Learn more at\n5.7.8  https://support.google.com/mail/?p=BadCredentials 82sm12903643pfa.115 - gsmtp')
[16/Nov/2019 16:25:02] DEBUG [board.views:31] メール送信
[16/Nov/2019 16:25:03] ERROR [board.views:41] (535, b'5.7.8 Username and Password not accepted. Learn more at\n5.7.8  https://support.google.com/mail/?p=BadCredentials s2sm12408216pgv.48 - gsmtp')
[16/Nov/2019 16:37:40] DEBUG [board.views:31] メール送信
[16/Nov/2019 16:37:41] ERROR [board.views:41] (535, b'5.7.8 Username and Password not accepted. Learn more at\n5.7.8  https://support.google.com/mail/?p=BadCredentials d23sm13579233pfo.140 - gsmtp')
[16/Nov/2019 16:38:01] DEBUG [board.views:31] メール送信
[16/Nov/2019 16:38:02] ERROR [board.views:41] (535, b'5.7.8 Username and Password not accepted. Learn more at\n5.7.8  https://support.google.com/mail/?p=BadCredentials t12sm12386501pgv.45 - gsmtp')
[16/Nov/2019 16:40:33] DEBUG [board.views:31] メール送信
[16/Nov/2019 16:40:35] ERROR [board.views:41] (535, b'5.7.8 Username and Password not accepted. Learn more at\n5.7.8  https://support.google.com/mail/?p=BadCredentials b24sm12864645pfi.148 - gsmtp')
[16/Nov/2019 16:41:27] DEBUG [board.views:31] メール送信
[16/Nov/2019 16:41:29] ERROR [board.views:41] (535, b'5.7.8 Username and Password not accepted. Learn more at\n5.7.8  https://support.google.com/mail/?p=BadCredentials c13sm13707544pfi.0 - gsmtp')
[16/Nov/2019 16:43:37] DEBUG [board.views:31] メール送信
[16/Nov/2019 16:43:39] ERROR [board.views:41] (535, b'5.7.8 Username and Password not accepted. Learn more at\n5.7.8  https://support.google.com/mail/?p=BadCredentials 4sm14290750pfz.185 - gsmtp')
[16/Nov/2019 16:46:23] DEBUG [board.views:31] メール送信
[16/Nov/2019 16:46:25] ERROR [board.views:41] (535, b'5.7.8 Username and Password not accepted. Learn more at\n5.7.8  https://support.google.com/mail/?p=BadCredentials j17sm12573559pfr.2 - gsmtp')
[16/Nov/2019 16:46:37] DEBUG [board.views:31] メール送信
[16/Nov/2019 16:46:39] ERROR [board.views:41] (535, b'5.7.8 Username and Password not accepted. Learn more at\n5.7.8  https://support.google.com/mail/?p=BadCredentials k14sm12126795pgt.54 - gsmtp')
[16/Nov/2019 16:49:20] DEBUG [board.views:31] メール送信
[16/Nov/2019 16:49:22] ERROR [board.views:41] (535, b'5.7.8 Username and Password not accepted. Learn more at\n5.7.8  https://support.google.com/mail/?p=BadCredentials m19sm12006506pgh.31 - gsmtp')
[16/Nov/2019 16:50:27] DEBUG [board.views:31] メール送信
[16/Nov/2019 16:50:29] ERROR [board.views:41] (535, b'5.7.8 Username and Password not accepted. Learn more at\n5.7.8  https://support.google.com/mail/?p=BadCredentials i13sm12342314pfo.39 - gsmtp')
[16/Nov/2019 16:51:24] DEBUG [board.views:31] メール送信
[16/Nov/2019 16:51:26] ERROR [board.views:41] (535, b'5.7.8 Username and Password not accepted. Learn more at\n5.7.8  https://support.google.com/mail/?p=BadCredentials d22sm12288647pjd.2 - gsmtp')
[16/Nov/2019 16:54:06] DEBUG [board.views:31] メール送信
[16/Nov/2019 16:54:07] ERROR [board.views:41] (535, b'5.7.8 Username and Password not accepted. Learn more at\n5.7.8  https://support.google.com/mail/?p=BadCredentials m19sm12026504pgh.31 - gsmtp')
[16/Nov/2019 16:54:18] DEBUG [board.views:31] メール送信
[16/Nov/2019 16:54:20] ERROR [board.views:41] (535, b'5.7.8 Username and Password not accepted. Learn more at\n5.7.8  https://support.google.com/mail/?p=BadCredentials y12sm14976166pfp.176 - gsmtp')
[16/Nov/2019 16:55:43] DEBUG [board.views:31] メール送信
[16/Nov/2019 16:55:45] ERROR [board.views:41] (535, b'5.7.8 Username and Password not accepted. Learn more at\n5.7.8  https://support.google.com/mail/?p=BadCredentials r28sm272366pgk.75 - gsmtp')
[16/Nov/2019 16:56:43] DEBUG [board.views:31] メール送信
[16/Nov/2019 16:56:45] ERROR [board.views:41] (535, b'5.7.8 Username and Password not accepted. Learn more at\n5.7.8  https://support.google.com/mail/?p=BadCredentials e17sm15397207pgt.89 - gsmtp')
[16/Nov/2019 16:56:53] DEBUG [board.views:31] メール送信
[16/Nov/2019 16:56:54] ERROR [board.views:41] (535, b'5.7.8 Username and Password not accepted. Learn more at\n5.7.8  https://support.google.com/mail/?p=BadCredentials j21sm13134899pfa.58 - gsmtp')
[16/Nov/2019 16:57:06] DEBUG [board.views:31] メール送信
[16/Nov/2019 16:57:07] ERROR [board.views:41] (535, b'5.7.8 Username and Password not accepted. Learn more at\n5.7.8  https://support.google.com/mail/?p=BadCredentials c184sm14191022pfc.159 - gsmtp')
[16/Nov/2019 16:57:19] DEBUG [board.views:31] メール送信
[16/Nov/2019 16:57:20] ERROR [board.views:41] (535, b'5.7.8 Username and Password not accepted. Learn more at\n5.7.8  https://support.google.com/mail/?p=BadCredentials w15sm8010778pfi.168 - gsmtp')
[16/Nov/2019 16:57:37] DEBUG [board.views:31] メール送信
[16/Nov/2019 16:57:39] ERROR [board.views:41] (535, b'5.7.8 Username and Password not accepted. Learn more at\n5.7.8  https://support.google.com/mail/?p=BadCredentials 9sm13430634pfn.113 - gsmtp')
[16/Nov/2019 17:00:49] DEBUG [board.views:31] メール送信
[16/Nov/2019 17:00:50] ERROR [board.views:41] (535, b'5.7.8 Username and Password not accepted. Learn more at\n5.7.8  https://support.google.com/mail/?p=BadCredentials k84sm15670242pfd.157 - gsmtp')
[16/Nov/2019 17:01:10] DEBUG [board.views:31] メール送信
[16/Nov/2019 17:01:12] ERROR [board.views:41] (535, b'5.7.8 Username and Password not accepted. Learn more at\n5.7.8  https://support.google.com/mail/?p=BadCredentials w2sm14194193pfj.22 - gsmtp')
